<?xml version="1.0" encoding="UTF-8"?>
<!-- Generated by org.testng.reporters.JUnitReportReporter -->
<testsuite hostname="LAPTOP-TNLVR2AO" failures="0" tests="1" name="com.dolibarr.crm.CustomerInvoice.Customer_InvoiceTest" time="7.032" errors="0" timestamp="17 Jun 2024 11:42:55 GMT" skipped="0">
  <testcase classname="com.dolibarr.crm.CustomerInvoice.Customer_InvoiceTest" name="createInVoice" time="7.032"/>
</testsuite> <!-- com.dolibarr.crm.CustomerInvoice.Customer_InvoiceTest -->
